<?xml version="1.0" encoding="UTF-8"?>
<testsuite errors="0" failures="0" hostname="OPTIMUS" name="com.lesd.primefactorsrandori.PrimeFactorsRandoriTest" tests="4" time="0.0040" timestamp="2012-09-25T04:10:33">
  <properties />
  <testcase classname="com.lesd.primefactorsrandori.PrimeFactorsRandoriTest" name="testOne" time="0.0" />
  <testcase classname="com.lesd.primefactorsrandori.PrimeFactorsRandoriTest" name="testTwo" time="0.0" />
  <testcase classname="com.lesd.primefactorsrandori.PrimeFactorsRandoriTest" name="testThree" time="0.0" />
  <testcase classname="com.lesd.primefactorsrandori.PrimeFactorsRandoriTest" name="testFour" time="0.0" />
  <system-out><![CDATA[]]></system-out>
  <system-err><![CDATA[]]></system-err>
</testsuite>
