<?xml version="1.0" encoding="UTF-8"?>
<testsuite errors="0" failures="0" hostname="OPTIMUS" name="com.lesd.bowlinggame.BowlingGameTest" tests="3" time="0.049" timestamp="2012-09-25T04:10:33">
  <properties />
  <testcase classname="com.lesd.bowlinggame.BowlingGameTest" name="allGutters" time="0.0010" />
  <testcase classname="com.lesd.bowlinggame.BowlingGameTest" name="allOnes" time="0.0" />
  <testcase classname="com.lesd.bowlinggame.BowlingGameTest" name="oneSpare" time="0.0" />
  <system-out><![CDATA[]]></system-out>
  <system-err><![CDATA[]]></system-err>
</testsuite>
